  transform.cpp
c:\users\alexandra\documents\visual studio 2015\projects\egc_lab41\egc_lab41\transform.cpp(49): warning C4244: 'initializing': conversion from 'double' to 'float', possible loss of data
c:\users\alexandra\documents\visual studio 2015\projects\egc_lab41\egc_lab41\transform.cpp(92): warning C4244: 'initializing': conversion from 'double' to 'float', possible loss of data
c:\users\alexandra\documents\visual studio 2015\projects\egc_lab41\egc_lab41\transform.cpp(101): warning C4244: 'initializing': conversion from 'double' to 'float', possible loss of data
c:\users\alexandra\documents\visual studio 2015\projects\egc_lab41\egc_lab41\transform.cpp(110): warning C4244: 'initializing': conversion from 'double' to 'float', possible loss of data
testMatrix.obj : error LNK2019: unresolved external symbol "public: class egc::vec4 & __thiscall egc::vec4::operator=(class egc::vec4 const &)" (??4vec4@egc@@QAEAAV01@ABV01@@Z) referenced in function "int __cdecl egc::testMat4Implementation(void)" (?testMat4Implementation@egc@@YAHXZ)
testMatrix.obj : error LNK2019: unresolved external symbol "public: class egc::vec3 & __thiscall egc::vec3::operator=(class egc::vec3 const &)" (??4vec3@egc@@QAEAAV01@ABV01@@Z) referenced in function "int __cdecl egc::testMat3Implementation(void)" (?testMat3Implementation@egc@@YAHXZ)
testMatrix.obj : error LNK2019: unresolved external symbol "public: class egc::mat3 & __thiscall egc::mat3::operator=(class egc::mat3 const &)" (??4mat3@egc@@QAEAAV01@ABV01@@Z) referenced in function "int __cdecl egc::testMat3Implementation(void)" (?testMat3Implementation@egc@@YAHXZ)
testTransform.obj : error LNK2001: unresolved external symbol "public: class egc::mat3 & __thiscall egc::mat3::operator=(class egc::mat3 const &)" (??4mat3@egc@@QAEAAV01@ABV01@@Z)
testMatrix.obj : error LNK2019: unresolved external symbol "public: class egc::mat3 __thiscall egc::mat3::operator*(float)const " (??Dmat3@egc@@QBE?AV01@M@Z) referenced in function "int __cdecl egc::testMat3Implementation(void)" (?testMat3Implementation@egc@@YAHXZ)
testMatrix.obj : error LNK2019: unresolved external symbol "public: class egc::mat3 __thiscall egc::mat3::operator*(class egc::mat3 const &)const " (??Dmat3@egc@@QBE?AV01@ABV01@@Z) referenced in function "int __cdecl egc::testMat3Implementation(void)" (?testMat3Implementation@egc@@YAHXZ)
testMatrix.obj : error LNK2019: unresolved external symbol "public: class egc::vec3 __thiscall egc::mat3::operator*(class egc::vec3 const &)const " (??Dmat3@egc@@QBE?AVvec3@1@ABV21@@Z) referenced in function "int __cdecl egc::testMat3Implementation(void)" (?testMat3Implementation@egc@@YAHXZ)
testMatrix.obj : error LNK2019: unresolved external symbol "public: class egc::mat3 __thiscall egc::mat3::operator+(class egc::mat3 const &)const " (??Hmat3@egc@@QBE?AV01@ABV01@@Z) referenced in function "int __cdecl egc::testMat3Implementation(void)" (?testMat3Implementation@egc@@YAHXZ)
testMatrix.obj : error LNK2019: unresolved external symbol "public: float __thiscall egc::mat3::determinant(void)const " (?determinant@mat3@egc@@QBEMXZ) referenced in function "int __cdecl egc::testMat3Implementation(void)" (?testMat3Implementation@egc@@YAHXZ)
testMatrix.obj : error LNK2019: unresolved external symbol "public: class egc::mat3 __thiscall egc::mat3::inverse(void)const " (?inverse@mat3@egc@@QBE?AV12@XZ) referenced in function "int __cdecl egc::testMat3Implementation(void)" (?testMat3Implementation@egc@@YAHXZ)
testMatrix.obj : error LNK2019: unresolved external symbol "public: class egc::mat3 __thiscall egc::mat3::transpose(void)const " (?transpose@mat3@egc@@QBE?AV12@XZ) referenced in function "int __cdecl egc::testMat3Implementation(void)" (?testMat3Implementation@egc@@YAHXZ)
testMatrix.obj : error LNK2019: unresolved external symbol "public: class egc::mat4 & __thiscall egc::mat4::operator=(class egc::mat4 const &)" (??4mat4@egc@@QAEAAV01@ABV01@@Z) referenced in function "int __cdecl egc::testMat4Implementation(void)" (?testMat4Implementation@egc@@YAHXZ)
testTransform.obj : error LNK2001: unresolved external symbol "public: class egc::mat4 & __thiscall egc::mat4::operator=(class egc::mat4 const &)" (??4mat4@egc@@QAEAAV01@ABV01@@Z)
testMatrix.obj : error LNK2019: unresolved external symbol "public: class egc::mat4 __thiscall egc::mat4::operator*(float)const " (??Dmat4@egc@@QBE?AV01@M@Z) referenced in function "int __cdecl egc::testMat4Implementation(void)" (?testMat4Implementation@egc@@YAHXZ)
testMatrix.obj : error LNK2019: unresolved external symbol "public: class egc::mat4 __thiscall egc::mat4::operator*(class egc::mat4 const &)const " (??Dmat4@egc@@QBE?AV01@ABV01@@Z) referenced in function "int __cdecl egc::testMat4Implementation(void)" (?testMat4Implementation@egc@@YAHXZ)
testMatrix.obj : error LNK2019: unresolved external symbol "public: class egc::vec4 __thiscall egc::mat4::operator*(class egc::vec4 const &)const " (??Dmat4@egc@@QBE?AVvec4@1@ABV21@@Z) referenced in function "int __cdecl egc::testMat4Implementation(void)" (?testMat4Implementation@egc@@YAHXZ)
testMatrix.obj : error LNK2019: unresolved external symbol "public: class egc::mat4 __thiscall egc::mat4::operator+(class egc::mat4 const &)const " (??Hmat4@egc@@QBE?AV01@ABV01@@Z) referenced in function "int __cdecl egc::testMat4Implementation(void)" (?testMat4Implementation@egc@@YAHXZ)
testMatrix.obj : error LNK2019: unresolved external symbol "public: float __thiscall egc::mat4::determinant(void)const " (?determinant@mat4@egc@@QBEMXZ) referenced in function "int __cdecl egc::testMat4Implementation(void)" (?testMat4Implementation@egc@@YAHXZ)
testMatrix.obj : error LNK2019: unresolved external symbol "public: class egc::mat4 __thiscall egc::mat4::inverse(void)const " (?inverse@mat4@egc@@QBE?AV12@XZ) referenced in function "int __cdecl egc::testMat4Implementation(void)" (?testMat4Implementation@egc@@YAHXZ)
testMatrix.obj : error LNK2019: unresolved external symbol "public: class egc::mat4 __thiscall egc::mat4::transpose(void)const " (?transpose@mat4@egc@@QBE?AV12@XZ) referenced in function "int __cdecl egc::testMat4Implementation(void)" (?testMat4Implementation@egc@@YAHXZ)
transform.obj : error LNK2019: unresolved external symbol "public: float & __thiscall egc::mat3::at(int,int)" (?at@mat3@egc@@QAEAAMHH@Z) referenced in function "class egc::mat3 __cdecl egc::rotate(float)" (?rotate@egc@@YA?AVmat3@1@M@Z)
transform.obj : error LNK2019: unresolved external symbol "public: float & __thiscall egc::mat4::at(int,int)" (?at@mat4@egc@@QAEAAMHH@Z) referenced in function "class egc::mat4 __cdecl egc::rotateX(float)" (?rotateX@egc@@YA?AVmat4@1@M@Z)
c:\users\alexandra\documents\visual studio 2015\Projects\EGC_Lab41\Debug\EGC_Lab41.exe : fatal error LNK1120: 20 unresolved externals
